<?xml version="1.0" encoding="UTF-8"?>
<!-- Generated by org.testng.reporters.JUnitXMLReporter -->
<testsuite ignored="2" hostname="PSL-7J277L3" failures="0" tests="2" name="Smoke1" time="29.039" errors="0" timestamp="2023-10-27T11:17:36 IST">
  <testcase classname="ftm.testcases.test2" name="loginTest" time="11.215"/>
  <testcase classname="ftm.testcases.test1" name="loginTest" time="11.108"/>
  <testcase classname="ftm.base.BaseClass" name="@AfterSuite afterSuite" time="0.0">
    <ignored/>
  </testcase> <!-- @AfterSuite afterSuite -->
  <testcase classname="ftm.base.BaseClass" name="@BeforeSuite loadConfig" time="0.0">
    <ignored/>
  </testcase> <!-- @BeforeSuite loadConfig -->
</testsuite> <!-- Smoke1 -->
