<?xml version="1.0" encoding="UTF-8"?>
<!-- Generated by org.testng.reporters.JUnitXMLReporter -->
<testsuite ignored="0" hostname="PSL-7J277L3" failures="1" tests="2" name="Test_All" time="14.717" errors="0" timestamp="2023-08-29T14:49:33 IST">
  <testcase classname="ftm.testcases.LoginPageTest" name="loginTest" time="4.526"/>
  <testcase classname="ftm.testcases.LoginPageTest" name="loginTest1" time="3.243">
    <failure type="java.lang.AssertionError" message="Invalid username/password..!! expected [true] but found [false]">
      <![CDATA[java.lang.AssertionError: Invalid username/password..!! expected [true] but found [false]
at ftm.testcases.LoginPageTest.loginTest1(LoginPageTest.java:28)
at java.base/java.util.ArrayList.forEach(ArrayList.java:1511)
... Removed 30 stack frames]]>
    </failure>
  </testcase> <!-- loginTest1 -->
</testsuite> <!-- Test_All -->
